<?xml version="1.0" encoding="UTF-8"?>
<!-- Generated by org.testng.reporters.JUnitXMLReporter -->
<testsuite ignored="4" hostname="melikeseymakorak" failures="0" tests="6" name="Surefire test" time="38.52" errors="0" timestamp="2022-05-18T16:34:31 TRT">
  <testcase classname="TestGenderSelection" name="checkMaleButton" time="4.267"/>
  <testcase classname="TestGenderSelection" name="checkFemaleButton" time="5.24"/>
  <testcase classname="TestGenderSelection" name="checkOtherButton" time="4.849"/>
  <testcase classname="TestSettingNameLastNameEmail" name="setName" time="4.66"/>
  <testcase classname="TestSettingNameLastNameEmail" name="setLastName" time="4.397"/>
  <testcase classname="TestSettingNameLastNameEmail" name="setEmail" time="4.417"/>
  <testcase classname="BaseTest" name="@AfterSuite tearDown" time="0.0">
    <ignored/>
  </testcase> <!-- @AfterSuite tearDown -->
  <testcase classname="BaseTest" name="@BeforeSuite setUp" time="0.0">
    <ignored/>
  </testcase> <!-- @BeforeSuite setUp -->
  <testcase classname="BaseTest" name="@AfterSuite tearDown" time="0.0">
    <ignored/>
  </testcase> <!-- @AfterSuite tearDown -->
  <testcase classname="BaseTest" name="@BeforeSuite setUp" time="0.0">
    <ignored/>
  </testcase> <!-- @BeforeSuite setUp -->
</testsuite> <!-- Surefire test -->
