<?xml version="1.0" encoding="UTF-8"?>
<testsuite xmlns:xsi="http://www.w3.org/2001/XMLSchema-instance" xsi:noNamespaceSchemaLocation="https://maven.apache.org/surefire/maven-surefire-plugin/xsd/surefire-test-report.xsd" name="TestSuite" time="43.122" tests="7" errors="0" skipped="0" failures="1">
  <properties>
[...]
</properties>
  <testcase name="checkMaleButton" classname="TestGenderSelection" time="4.15"/>
  <testcase name="checkFemaleButton" classname="TestGenderSelection" time="5.089"/>
  <testcase name="checkOtherButton" classname="TestGenderSelection" time="4.822"/>
  <testcase name="setName" classname="TestSettingNameLastNameEmail" time="4.505"/>
  <testcase name="setLastName" classname="TestSettingNameLastNameEmail" time="4.369"/>
  <testcase name="setEmail" classname="TestSettingNameLastNameEmail" time="4.34"/>
  <testcase name="tearDown" classname="BaseTest" time="8.574">
    <failure message="Cannot invoke &quot;org.openqa.selenium.WebDriver.quit()&quot; because &quot;this.driver&quot; is null" type="java.lang.NullPointerException">java.lang.NullPointerException: Cannot invoke "org.openqa.selenium.WebDriver.quit()" because "this.driver" is null
	at BaseTest.tearDown(BaseTest.java:34)
</failure>
  </testcase>
</testsuite>